{"level":"info","message":"Server is running on port 5000","timestamp":"2025-05-07 16:34:58"}
{"level":"info","message":"MongoDB connected successfully","timestamp":"2025-05-07 16:34:59"}
{"level":"info","message":"::1 - GET /api/auth/me 401 2.862 ms - 52","timestamp":"2025-05-07 16:35:00"}
{"level":"info","message":"::1 - GET /api/auth/me 401 0.561 ms - 52","timestamp":"2025-05-07 16:35:00"}
{"ip":"::1","level":"info","message":"Login attempt","timestamp":"2025-05-07 16:35:17","username":"aaa"}
{"ip":"::1","level":"warn","message":"Login failed: User not found","timestamp":"2025-05-07 16:35:17","username":"aaa"}
{"level":"info","message":"::1 - POST /api/auth/login 401 38.958 ms - 42","timestamp":"2025-05-07 16:35:17"}
{"ip":"::1","level":"info","message":"Registration attempt","timestamp":"2025-05-07 16:35:20","username":"aaa"}
{"ip":"::1","level":"info","message":"User registration successful","timestamp":"2025-05-07 16:35:21","userId":"681ae30865ca2e5dd901f150","username":"aaa"}
{"level":"info","message":"::1 - POST /api/auth/register 201 187.154 ms - 37","timestamp":"2025-05-07 16:35:21"}
{"ip":"::1","level":"info","message":"Login attempt","timestamp":"2025-05-07 16:35:21","username":"aaa"}
{"ip":"::1","level":"info","message":"Login successful","timestamp":"2025-05-07 16:35:21","userId":"681ae30865ca2e5dd901f150","username":"aaa"}
{"level":"info","message":"::1 - POST /api/auth/login 200 169.601 ms - 263","timestamp":"2025-05-07 16:35:21"}
{"ip":"::1","level":"info","message":"Logout attempt","timestamp":"2025-05-07 16:35:32","userId":"681ae30865ca2e5dd901f150"}
{"ip":"::1","level":"info","message":"Logout successful","timestamp":"2025-05-07 16:35:32","userId":"681ae30865ca2e5dd901f150"}
{"level":"info","message":"::1 - POST /api/auth/logout 200 1.428 ms - 31","timestamp":"2025-05-07 16:35:32"}
{"level":"info","message":"::1 - GET /api/auth/me 401 0.206 ms - 52","timestamp":"2025-05-07 16:35:40"}
{"level":"info","message":"::1 - GET /api/auth/me 401 0.215 ms - 52","timestamp":"2025-05-07 16:35:40"}
{"level":"info","message":"::1 - GET /api/auth/me 401 0.253 ms - 52","timestamp":"2025-05-07 16:36:17"}
{"level":"info","message":"::1 - GET /api/auth/me 401 0.933 ms - 52","timestamp":"2025-05-07 16:36:17"}
{"ip":"::1","level":"info","message":"Login attempt","timestamp":"2025-05-07 16:36:22","username":"test"}
{"ip":"::1","level":"info","message":"Login successful","timestamp":"2025-05-07 16:36:22","userId":"681addfb086f583d93d98d27","username":"test"}
{"level":"info","message":"::1 - POST /api/auth/login 200 187.872 ms - 266","timestamp":"2025-05-07 16:36:22"}
{"level":"info","message":"Server is running on port 5000","timestamp":"2025-05-07 19:20:21"}
{"level":"info","message":"MongoDB connected successfully","timestamp":"2025-05-07 19:20:22"}
{"level":"info","message":"::1 - GET /api/auth/me 401 1.844 ms - 52","timestamp":"2025-05-07 19:20:50"}
{"level":"info","message":"::1 - GET /api/auth/me 401 0.348 ms - 52","timestamp":"2025-05-07 19:20:50"}
{"ip":"::1","level":"info","message":"Login attempt","timestamp":"2025-05-07 19:20:59","username":"test"}
{"ip":"::1","level":"info","message":"Login successful","timestamp":"2025-05-07 19:20:59","userId":"681addfb086f583d93d98d27","username":"test"}
{"level":"info","message":"::1 - POST /api/auth/login 200 192.012 ms - 266","timestamp":"2025-05-07 19:20:59"}
{"level":"info","message":"::1 - GET /auth/me 404 1.628 ms - 146","timestamp":"2025-05-07 19:26:20"}
{"level":"info","message":"::1 - GET /auth/me 404 0.720 ms - 146","timestamp":"2025-05-07 19:26:20"}
{"level":"info","message":"::1 - POST /auth/login 404 0.163 ms - 150","timestamp":"2025-05-07 19:26:28"}
{"level":"info","message":"::1 - POST /auth/login 404 0.165 ms - 150","timestamp":"2025-05-07 19:26:29"}
{"level":"info","message":"::1 - POST /auth/login 404 0.232 ms - 150","timestamp":"2025-05-07 19:27:43"}
{"ip":"::1","level":"info","message":"User info request","timestamp":"2025-05-07 19:28:15","userId":"681addfb086f583d93d98d27"}
{"ip":"::1","level":"info","message":"User info retrieved successfully","timestamp":"2025-05-07 19:28:15","userId":"681addfb086f583d93d98d27"}
{"level":"info","message":"::1 - GET /api/auth/me 200 72.622 ms - 138","timestamp":"2025-05-07 19:28:15"}
{"ip":"::1","level":"info","message":"User info request","timestamp":"2025-05-07 19:28:15","userId":"681addfb086f583d93d98d27"}
{"ip":"::1","level":"info","message":"User info retrieved successfully","timestamp":"2025-05-07 19:28:15","userId":"681addfb086f583d93d98d27"}
{"level":"info","message":"::1 - GET /api/auth/me 304 55.167 ms - -","timestamp":"2025-05-07 19:28:15"}
{"level":"info","message":"::1 - GET /api/locations 200 38.305 ms - 2","timestamp":"2025-05-07 19:28:15"}
{"level":"info","locationId":"681b0bece2ea2aeb6c342790","message":"New location created","timestamp":"2025-05-07 19:29:48","userId":"681addfb086f583d93d98d27"}
{"level":"info","message":"::1 - POST /api/locations 201 56.518 ms - 279","timestamp":"2025-05-07 19:29:48"}
{"level":"info","locationId":"681b0c14e2ea2aeb6c342792","message":"New location created","timestamp":"2025-05-07 19:30:28","userId":"681addfb086f583d93d98d27"}
{"level":"info","message":"::1 - POST /api/locations 201 120.845 ms - 276","timestamp":"2025-05-07 19:30:28"}
{"ip":"::1","level":"info","message":"User info request","timestamp":"2025-05-07 19:31:06","userId":"681addfb086f583d93d98d27"}
{"ip":"::1","level":"info","message":"User info retrieved successfully","timestamp":"2025-05-07 19:31:06","userId":"681addfb086f583d93d98d27"}
{"level":"info","message":"::1 - GET /api/auth/me 304 45.771 ms - -","timestamp":"2025-05-07 19:31:06"}
{"ip":"::1","level":"info","message":"User info request","timestamp":"2025-05-07 19:31:06","userId":"681addfb086f583d93d98d27"}
{"ip":"::1","level":"info","message":"User info retrieved successfully","timestamp":"2025-05-07 19:31:06","userId":"681addfb086f583d93d98d27"}
{"level":"info","message":"::1 - GET /api/auth/me 304 67.824 ms - -","timestamp":"2025-05-07 19:31:06"}
{"level":"info","message":"::1 - GET /api/locations 200 89.188 ms - 610","timestamp":"2025-05-07 19:31:06"}
{"level":"info","message":"::1 - GET /api/locations 304 78.790 ms - -","timestamp":"2025-05-07 19:38:18"}
{"ip":"::1","level":"info","message":"User info request","timestamp":"2025-05-07 19:46:48","userId":"681addfb086f583d93d98d27"}
{"ip":"::1","level":"info","message":"User info retrieved successfully","timestamp":"2025-05-07 19:46:48","userId":"681addfb086f583d93d98d27"}
{"level":"info","message":"::1 - GET /api/auth/me 304 44.676 ms - -","timestamp":"2025-05-07 19:46:48"}
{"ip":"::1","level":"info","message":"User info request","timestamp":"2025-05-07 19:46:48","userId":"681addfb086f583d93d98d27"}
{"ip":"::1","level":"info","message":"User info retrieved successfully","timestamp":"2025-05-07 19:46:48","userId":"681addfb086f583d93d98d27"}
{"level":"info","message":"::1 - GET /api/auth/me 304 86.706 ms - -","timestamp":"2025-05-07 19:46:48"}
{"level":"info","message":"::1 - GET /api/locations 304 230.131 ms - -","timestamp":"2025-05-07 19:46:49"}
{"ip":"::1","level":"info","message":"Logout attempt","timestamp":"2025-05-07 19:46:58","userId":"681addfb086f583d93d98d27"}
{"ip":"::1","level":"info","message":"Logout successful","timestamp":"2025-05-07 19:46:58","userId":"681addfb086f583d93d98d27"}
{"level":"info","message":"::1 - POST /api/auth/logout 200 1.895 ms - 31","timestamp":"2025-05-07 19:46:58"}
{"ip":"::1","level":"info","message":"Registration attempt","timestamp":"2025-05-07 19:47:53","username":"test2"}
{"ip":"::1","level":"info","message":"User registration successful","timestamp":"2025-05-07 19:47:53","userId":"681b1029e2ea2aeb6c34279f","username":"test2"}
{"level":"info","message":"::1 - POST /api/auth/register 201 158.335 ms - 37","timestamp":"2025-05-07 19:47:53"}
{"ip":"::1","level":"info","message":"Login attempt","timestamp":"2025-05-07 19:47:53","username":"test2"}
{"ip":"::1","level":"info","message":"Login successful","timestamp":"2025-05-07 19:47:53","userId":"681b1029e2ea2aeb6c34279f","username":"test2"}
{"level":"info","message":"::1 - POST /api/auth/login 200 172.019 ms - 268","timestamp":"2025-05-07 19:47:53"}
{"level":"info","message":"::1 - GET /api/locations 304 146.007 ms - -","timestamp":"2025-05-07 19:47:54"}
{"level":"info","message":"Server is running on port 5000","timestamp":"2025-05-07 19:48:12"}
{"level":"info","message":"MongoDB connected successfully","timestamp":"2025-05-07 19:48:13"}
{"level":"info","message":"::1 - GET /api/locations 304 88.058 ms - -","timestamp":"2025-05-07 19:51:51"}
{"level":"info","message":"::1 - GET /api/locations 304 92.365 ms - -","timestamp":"2025-05-07 19:52:13"}
{"level":"info","message":"::1 - GET /api/auth/me 401 0.855 ms - 52","timestamp":"2025-05-07 19:57:43"}
{"level":"info","message":"::1 - GET /api/auth/me 401 0.366 ms - 52","timestamp":"2025-05-07 19:57:43"}
{"ip":"::1","level":"info","message":"Login attempt","timestamp":"2025-05-07 19:57:49","username":"test"}
{"ip":"::1","level":"info","message":"Login successful","timestamp":"2025-05-07 19:57:49","userId":"681addfb086f583d93d98d27","username":"test"}
{"level":"info","message":"::1 - POST /api/auth/login 200 173.096 ms - 266","timestamp":"2025-05-07 19:57:49"}
{"ip":"::1","level":"info","message":"User info request","timestamp":"2025-05-07 19:58:15","userId":"681addfb086f583d93d98d27"}
{"ip":"::1","level":"info","message":"User info retrieved successfully","timestamp":"2025-05-07 19:58:15","userId":"681addfb086f583d93d98d27"}
{"level":"info","message":"::1 - GET /api/auth/me 200 65.265 ms - 138","timestamp":"2025-05-07 19:58:15"}
{"ip":"::1","level":"info","message":"User info request","timestamp":"2025-05-07 19:58:15","userId":"681addfb086f583d93d98d27"}
{"ip":"::1","level":"info","message":"User info retrieved successfully","timestamp":"2025-05-07 19:58:15","userId":"681addfb086f583d93d98d27"}
{"level":"info","message":"::1 - GET /api/auth/me 304 36.588 ms - -","timestamp":"2025-05-07 19:58:15"}
{"ip":"::1","level":"info","message":"User info request","timestamp":"2025-05-07 19:58:17","userId":"681addfb086f583d93d98d27"}
{"ip":"::1","level":"info","message":"User info retrieved successfully","timestamp":"2025-05-07 19:58:17","userId":"681addfb086f583d93d98d27"}
{"level":"info","message":"::1 - GET /api/auth/me 304 53.055 ms - -","timestamp":"2025-05-07 19:58:17"}
{"ip":"::1","level":"info","message":"User info request","timestamp":"2025-05-07 19:58:17","userId":"681addfb086f583d93d98d27"}
{"ip":"::1","level":"info","message":"User info retrieved successfully","timestamp":"2025-05-07 19:58:17","userId":"681addfb086f583d93d98d27"}
{"level":"info","message":"::1 - GET /api/auth/me 304 37.370 ms - -","timestamp":"2025-05-07 19:58:17"}
{"ip":"::1","level":"info","message":"User info request","timestamp":"2025-05-07 19:58:43","userId":"681addfb086f583d93d98d27"}
{"ip":"::1","level":"info","message":"User info retrieved successfully","timestamp":"2025-05-07 19:58:43","userId":"681addfb086f583d93d98d27"}
{"level":"info","message":"::1 - GET /api/auth/me 304 37.789 ms - -","timestamp":"2025-05-07 19:58:43"}
{"ip":"::1","level":"info","message":"User info request","timestamp":"2025-05-07 19:58:43","userId":"681addfb086f583d93d98d27"}
{"ip":"::1","level":"info","message":"User info retrieved successfully","timestamp":"2025-05-07 19:58:43","userId":"681addfb086f583d93d98d27"}
{"level":"info","message":"::1 - GET /api/auth/me 304 49.957 ms - -","timestamp":"2025-05-07 19:58:43"}
{"ip":"::1","level":"info","message":"User info request","timestamp":"2025-05-07 19:58:57","userId":"681addfb086f583d93d98d27"}
{"ip":"::1","level":"info","message":"User info retrieved successfully","timestamp":"2025-05-07 19:58:57","userId":"681addfb086f583d93d98d27"}
{"level":"info","message":"::1 - GET /api/auth/me 304 55.185 ms - -","timestamp":"2025-05-07 19:58:57"}
{"ip":"::1","level":"info","message":"User info request","timestamp":"2025-05-07 19:58:57","userId":"681addfb086f583d93d98d27"}
{"ip":"::1","level":"info","message":"User info retrieved successfully","timestamp":"2025-05-07 19:58:57","userId":"681addfb086f583d93d98d27"}
{"level":"info","message":"::1 - GET /api/auth/me 304 65.232 ms - -","timestamp":"2025-05-07 19:58:57"}
{"level":"info","message":"::1 - GET /api/locations 304 74.134 ms - -","timestamp":"2025-05-07 19:58:57"}
{"level":"info","message":"::1 - GET /api/locations 304 83.514 ms - -","timestamp":"2025-05-07 20:00:53"}
{"ip":"::1","level":"info","message":"User info request","timestamp":"2025-05-07 20:07:16","userId":"681addfb086f583d93d98d27"}
{"ip":"::1","level":"info","message":"User info retrieved successfully","timestamp":"2025-05-07 20:07:16","userId":"681addfb086f583d93d98d27"}
{"level":"info","message":"::1 - GET /api/auth/me 304 72.899 ms - -","timestamp":"2025-05-07 20:07:16"}
{"ip":"::1","level":"info","message":"User info request","timestamp":"2025-05-07 20:07:16","userId":"681addfb086f583d93d98d27"}
{"ip":"::1","level":"info","message":"User info retrieved successfully","timestamp":"2025-05-07 20:07:16","userId":"681addfb086f583d93d98d27"}
{"level":"info","message":"::1 - GET /api/auth/me 304 55.703 ms - -","timestamp":"2025-05-07 20:07:16"}
{"level":"info","message":"::1 - GET /api/locations 304 63.163 ms - -","timestamp":"2025-05-07 20:07:16"}
{"level":"info","message":"::1 - GET /api/locations 304 65.223 ms - -","timestamp":"2025-05-07 20:08:23"}
{"ip":"::1","level":"info","message":"User info request","timestamp":"2025-05-07 20:08:39","userId":"681addfb086f583d93d98d27"}
{"ip":"::1","level":"info","message":"User info retrieved successfully","timestamp":"2025-05-07 20:08:39","userId":"681addfb086f583d93d98d27"}
{"level":"info","message":"::1 - GET /api/auth/me 304 37.411 ms - -","timestamp":"2025-05-07 20:08:39"}
{"ip":"::1","level":"info","message":"User info request","timestamp":"2025-05-07 20:08:39","userId":"681addfb086f583d93d98d27"}
{"ip":"::1","level":"info","message":"User info retrieved successfully","timestamp":"2025-05-07 20:08:39","userId":"681addfb086f583d93d98d27"}
{"level":"info","message":"::1 - GET /api/auth/me 304 45.554 ms - -","timestamp":"2025-05-07 20:08:39"}
{"level":"info","message":"::1 - GET /api/locations 304 114.518 ms - -","timestamp":"2025-05-07 20:08:40"}
{"level":"info","message":"::1 - GET /api/locations 304 68.524 ms - -","timestamp":"2025-05-07 20:10:01"}
{"ip":"::1","level":"info","message":"User info request","timestamp":"2025-05-07 20:13:59","userId":"681addfb086f583d93d98d27"}
{"ip":"::1","level":"info","message":"User info retrieved successfully","timestamp":"2025-05-07 20:13:59","userId":"681addfb086f583d93d98d27"}
{"level":"info","message":"::1 - GET /api/auth/me 304 45.980 ms - -","timestamp":"2025-05-07 20:13:59"}
{"ip":"::1","level":"info","message":"User info request","timestamp":"2025-05-07 20:13:59","userId":"681addfb086f583d93d98d27"}
{"ip":"::1","level":"info","message":"User info retrieved successfully","timestamp":"2025-05-07 20:13:59","userId":"681addfb086f583d93d98d27"}
{"level":"info","message":"::1 - GET /api/auth/me 304 43.368 ms - -","timestamp":"2025-05-07 20:13:59"}
{"level":"info","message":"::1 - GET /api/locations 304 73.387 ms - -","timestamp":"2025-05-07 20:13:59"}
{"ip":"::1","level":"info","message":"User info request","timestamp":"2025-05-07 20:16:03","userId":"681addfb086f583d93d98d27"}
{"ip":"::1","level":"info","message":"User info retrieved successfully","timestamp":"2025-05-07 20:16:03","userId":"681addfb086f583d93d98d27"}
{"level":"info","message":"::1 - GET /api/auth/me 304 41.238 ms - -","timestamp":"2025-05-07 20:16:03"}
{"ip":"::1","level":"info","message":"User info request","timestamp":"2025-05-07 20:16:03","userId":"681addfb086f583d93d98d27"}
{"ip":"::1","level":"info","message":"User info retrieved successfully","timestamp":"2025-05-07 20:16:03","userId":"681addfb086f583d93d98d27"}
{"level":"info","message":"::1 - GET /api/auth/me 304 35.620 ms - -","timestamp":"2025-05-07 20:16:03"}
{"level":"info","message":"::1 - GET /api/locations 304 87.470 ms - -","timestamp":"2025-05-07 20:16:03"}
{"ip":"::1","level":"info","message":"User info request","timestamp":"2025-05-07 20:16:27","userId":"681addfb086f583d93d98d27"}
{"ip":"::1","level":"info","message":"User info retrieved successfully","timestamp":"2025-05-07 20:16:27","userId":"681addfb086f583d93d98d27"}
{"level":"info","message":"::1 - GET /api/auth/me 304 39.174 ms - -","timestamp":"2025-05-07 20:16:27"}
{"ip":"::1","level":"info","message":"User info request","timestamp":"2025-05-07 20:16:27","userId":"681addfb086f583d93d98d27"}
{"ip":"::1","level":"info","message":"User info retrieved successfully","timestamp":"2025-05-07 20:16:27","userId":"681addfb086f583d93d98d27"}
{"level":"info","message":"::1 - GET /api/auth/me 304 43.980 ms - -","timestamp":"2025-05-07 20:16:27"}
{"level":"info","message":"::1 - GET /api/locations 304 111.637 ms - -","timestamp":"2025-05-07 20:16:27"}
{"ip":"::1","level":"info","message":"Logout attempt","timestamp":"2025-05-07 20:17:04","userId":"681addfb086f583d93d98d27"}
{"ip":"::1","level":"info","message":"Logout successful","timestamp":"2025-05-07 20:17:04","userId":"681addfb086f583d93d98d27"}
{"level":"info","message":"::1 - POST /api/auth/logout 200 1.194 ms - 31","timestamp":"2025-05-07 20:17:04"}
{"level":"info","message":"Server is running on port 5000","timestamp":"2025-05-07 20:17:18"}
{"level":"info","message":"MongoDB connected successfully","timestamp":"2025-05-07 20:17:19"}
